Using pre-set license
Built from '2020.3/staging' branch; Version is '2020.3.3f1 (76626098c1c4) revision 7758432'; Using compiler version '192528614'; Build Type 'Release'
OS: 'Windows 10 Pro; OS build 19042.1526; Version 2009; 64bit' Language: 'ru' Physical Memory: 8067 MB
BatchMode: 1, IsHumanControllingUs: 0, StartBugReporterOnCrash: 0, Is64bit: 1, IsPro: 0

 COMMAND LINE ARGUMENTS:
C:\Program Files\2020.3.3f1\Editor\Unity.exe
-adb2
-batchMode
-noUpm
-name
AssetImportWorker0
-projectPath
C:/Users/Nasty/UnityProjects/Kursachh
-logFile
Logs/AssetImportWorker0.log
-srvPort
62259
Successfully changed project path to: C:/Users/Nasty/UnityProjects/Kursachh
C:/Users/Nasty/UnityProjects/Kursachh
Using Asset Import Pipeline V2.
Refreshing native plugins compatible for Editor in 62.75 ms, found 0 plugins.
Preloading 0 native plugins for Editor in 0.00 ms.
Initialize engine version: 2020.3.3f1 (76626098c1c4)
[Subsystems] Discovering subsystems at path C:/Program Files/2020.3.3f1/Editor/Data/Resources/UnitySubsystems
[Subsystems] Discovering subsystems at path C:/Users/Nasty/UnityProjects/Kursachh/Assets
GfxDevice: creating device client; threaded=0
Direct3D:
    Version:  Direct3D 11.0 [level 11.1]
    Renderer: Intel(R) HD Graphics 5500 (ID=0x1616)
    Vendor:   
    VRAM:     4033 MB
    Driver:   20.19.15.5144
Initialize mono
Mono path[0] = 'C:/Program Files/2020.3.3f1/Editor/Data/Managed'
Mono path[1] = 'C:/Program Files/2020.3.3f1/Editor/Data/MonoBleedingEdge/lib/mono/unityjit'
Mono config path = 'C:/Program Files/2020.3.3f1/Editor/Data/MonoBleedingEdge/etc'
Using monoOptions --debugger-agent=transport=dt_socket,embedding=1,server=y,suspend=n,address=127.0.0.1:56156
Begin MonoManager ReloadAssembly
Registering precompiled unity dll's ...
Register platform support module: C:/Program Files/2020.3.3f1/Editor/Data/PlaybackEngines/WindowsStandaloneSupport/UnityEditor.WindowsStandalone.Extensions.dll
Registered in 0.002975 seconds.
Native extension for WindowsStandalone target not found
Refreshing native plugins compatible for Editor in 78.10 ms, found 0 plugins.
Preloading 0 native plugins for Editor in 0.00 ms.
Invoked RoslynAnalysisRunner static constructor.
RoslynAnalysisRunner will not be running.
RoslynAnalysisRunner has terminated.
Mono: successfully reloaded assembly
- Completed reload, in  2.023 seconds
Platform modules already initialized, skipping
Registering precompiled user dll's ...
Registered in 0.009089 seconds.
Begin MonoManager ReloadAssembly
Native extension for WindowsStandalone target not found
Refreshing native plugins compatible for Editor in 0.47 ms, found 0 plugins.
Preloading 0 native plugins for Editor in 0.00 ms.
Invoked RoslynAnalysisRunner static constructor.
RoslynAnalysisRunner will not be running.
RoslynAnalysisRunner has terminated.
Mono: successfully reloaded assembly
- Completed reload, in  1.691 seconds
Platform modules already initialized, skipping
========================================================================
Worker process is ready to serve import requests
Launched and connected shader compiler UnityShaderCompiler.exe after 0.09 seconds
Refreshing native plugins compatible for Editor in 0.90 ms, found 0 plugins.
Preloading 0 native plugins for Editor in 0.00 ms.
Unloading 1439 Unused Serialized files (Serialized files now loaded: 0)
System memory in use before: 149.3 MB.
System memory in use after: 149.3 MB.

Unloading 21 unused Assets to reduce memory usage. Loaded Objects now: 1902.
Total: 4.753100 ms (FindLiveObjects: 0.447700 ms CreateObjectMapping: 0.168900 ms MarkObjects: 3.873600 ms  DeleteObjects: 0.258800 ms)

========================================================================
Received Import Request.
  path: Assets/Scripts/MazeSpawner.cs
  artifactKey: Guid(bbcfa27ae1f1d8c4da3d48e62977b3a1) Importer(815301076,1909f56bfc062723c751e8b465ee728b)
Start importing Assets/Scripts/MazeSpawner.cs using Guid(bbcfa27ae1f1d8c4da3d48e62977b3a1) Importer(815301076,1909f56bfc062723c751e8b465ee728b)  -> (artifact id: 'f256b829d6b21d4cd2bd3894aea3e0d6') in 0.072185 seconds
  Import took 0.083668 seconds .

========================================================================
Received Import Request.
  Time since last request: 315.419967 seconds.
  path: Assets/Scripts/Timer.cs
  artifactKey: Guid(3c4524473dd415047a354e0e8242e5ac) Importer(815301076,1909f56bfc062723c751e8b465ee728b)
Start importing Assets/Scripts/Timer.cs using Guid(3c4524473dd415047a354e0e8242e5ac) Importer(815301076,1909f56bfc062723c751e8b465ee728b)  -> (artifact id: '66625e3e862ca5a74b9d478ad2ccafee') in 0.014719 seconds
  Import took 0.025741 seconds .

========================================================================
Received Import Request.
  Time since last request: 0.007255 seconds.
  path: Assets/Scripts/Timer.cs
  artifactKey: Guid(3c4524473dd415047a354e0e8242e5ac) Importer(815301076,1909f56bfc062723c751e8b465ee728b)
Start importing Assets/Scripts/Timer.cs using Guid(3c4524473dd415047a354e0e8242e5ac) Importer(815301076,1909f56bfc062723c751e8b465ee728b)  -> (artifact id: '66625e3e862ca5a74b9d478ad2ccafee') in 0.016427 seconds
  Import took 0.025343 seconds .

========================================================================
Received Import Request.
  Time since last request: 2.109832 seconds.
  path: Assets/Scripts/Health.cs
  artifactKey: Guid(9144a81c40a1a7145889eb9c6a0faba7) Importer(815301076,1909f56bfc062723c751e8b465ee728b)
Start importing Assets/Scripts/Health.cs using Guid(9144a81c40a1a7145889eb9c6a0faba7) Importer(815301076,1909f56bfc062723c751e8b465ee728b)  -> (artifact id: '4ce8db4b342cfba8daf487177cf5bdd7') in 0.008474 seconds
  Import took 0.015267 seconds .

========================================================================
Received Import Request.
  Time since last request: 1.160607 seconds.
  path: Assets/Scripts/CameraMove.cs
  artifactKey: Guid(5e5db47c8b25e064281a7565f2e18abd) Importer(815301076,1909f56bfc062723c751e8b465ee728b)
Start importing Assets/Scripts/CameraMove.cs using Guid(5e5db47c8b25e064281a7565f2e18abd) Importer(815301076,1909f56bfc062723c751e8b465ee728b)  -> (artifact id: 'f1b9a35ce32b190713a482558f66d92a') in 0.013403 seconds
  Import took 0.029111 seconds .

AssetImportWorkerClient::OnTransportError - code=2 error=End of file
